Traceback (most recent call last):
  File "c:\users\chunxug\appdata\local\programs\python\python37\lib\site-packages\jupyter_cache\executors\utils.py", line 64, in single_nb_execution
    **kwargs,
  File "c:\users\chunxug\appdata\local\programs\python\python37\lib\site-packages\nbclient\client.py", line 1269, in execute
    return NotebookClient(nb=nb, resources=resources, km=km, **kwargs).execute()
  File "c:\users\chunxug\appdata\local\programs\python\python37\lib\site-packages\nbclient\util.py", line 85, in wrapped
    return just_run(coro(*args, **kwargs))
  File "c:\users\chunxug\appdata\local\programs\python\python37\lib\site-packages\nbclient\util.py", line 60, in just_run
    return loop.run_until_complete(coro)
  File "c:\users\chunxug\appdata\local\programs\python\python37\lib\asyncio\base_events.py", line 583, in run_until_complete
    return future.result()
  File "c:\users\chunxug\appdata\local\programs\python\python37\lib\site-packages\nbclient\client.py", line 708, in async_execute
    cell, index, execution_count=self.code_cells_executed + 1
  File "c:\users\chunxug\appdata\local\programs\python\python37\lib\site-packages\nbclient\client.py", line 1025, in async_execute_cell
    await self._check_raise_for_error(cell, cell_index, exec_reply)
  File "c:\users\chunxug\appdata\local\programs\python\python37\lib\site-packages\nbclient\client.py", line 919, in _check_raise_for_error
    raise CellExecutionError.from_cell_and_msg(cell, exec_reply_content)
nbclient.exceptions.CellExecutionError: An error occurred while executing the following cell:
------------------
from scipy.io import wavfile

fs, aud_in = wavfile.read("./birds.wav")
------------------

[1;31m---------------------------------------------------------------------------[0m
[1;31mModuleNotFoundError[0m                       Traceback (most recent call last)
[1;32m~\AppData\Local\Temp\ipykernel_53188\1065135848.py[0m in [0;36m<module>[1;34m[0m
[1;32m----> 1[1;33m [1;32mfrom[0m [0mscipy[0m[1;33m.[0m[0mio[0m [1;32mimport[0m [0mwavfile[0m[1;33m[0m[1;33m[0m[0m
[0m[0;32m      2[0m [1;33m[0m[0m
[0;32m      3[0m [0mfs[0m[1;33m,[0m [0maud_in[0m [1;33m=[0m [0mwavfile[0m[1;33m.[0m[0mread[0m[1;33m([0m[1;34m"./birds.wav"[0m[1;33m)[0m[1;33m[0m[1;33m[0m[0m

[1;31mModuleNotFoundError[0m: No module named 'scipy'
ModuleNotFoundError: No module named 'scipy'

